<?xml version="1.0" encoding="UTF-8"?>
<!-- Generated by org.testng.reporters.JUnitReportReporter -->
<testsuite skipped="0" hostname="LAPTOP-1LLRQ933" name="org.crossBrowser.GenareteReport" tests="1" failures="0" timestamp="11 Jun 2021 06:08:54 GMT" time="7.470" errors="0">
  <testcase name="testGreestech" time="7.470" classname="org.crossBrowser.GenareteReport"/>
</testsuite> <!-- org.crossBrowser.GenareteReport -->
