<?xml version="1.0" encoding="UTF-8"?>
<!-- Generated by org.testng.reporters.JUnitReportReporter -->
<testsuite skipped="0" hostname="LAPTOP-1LLRQ933" name="org.crossBrowser.useFlipKart" tests="3" failures="0" timestamp="11 Jun 2021 08:40:12 GMT" time="44.296" errors="0">
  <testcase name="tc1" time="14.800" classname="org.crossBrowser.useFlipKart"/>
  <testcase name="tc1" time="14.768" classname="org.crossBrowser.useFlipKart"/>
  <testcase name="tc1" time="14.728" classname="org.crossBrowser.useFlipKart"/>
</testsuite> <!-- org.crossBrowser.useFlipKart -->
